<?xml version="1.0" encoding="UTF-8"?>
<testsuite xmlns:xsi="http://www.w3.org/2001/XMLSchema-instance" xsi:noNamespaceSchemaLocation="https://maven.apache.org/surefire/maven-surefire-plugin/xsd/surefire-test-report.xsd" name="Scenario: Validate nopcommerce Home Page Test" time="35.82" tests="8" errors="0" skipped="0" failures="0">
  <properties>
[...]
</properties>
  <testcase name="Scenario: Validate nopcommerce Home Page Test" classname="Scenario: Validate nopcommerce Home Page Test" time="0"/>
  <testcase name="Given user opens browser" classname="Scenario: Validate nopcommerce Home Page Test" time="0.001"/>
  <testcase name="Then user is on Login Page" classname="Scenario: Validate nopcommerce Home Page Test" time="0.001"/>
  <testcase name="Then user enters username and password" classname="Scenario: Validate nopcommerce Home Page Test" time="0.001"/>
  <testcase name="Then user clicks on login button" classname="Scenario: Validate nopcommerce Home Page Test" time="0"/>
  <testcase name="Then home page is displayed" classname="Scenario: Validate nopcommerce Home Page Test" time="0"/>
  <testcase name="Then validate home page title" classname="Scenario: Validate nopcommerce Home Page Test" time="0"/>
  <testcase name="Then user closes the browser" classname="Scenario: Validate nopcommerce Home Page Test" time="0"/>
</testsuite>